00:05:01 | INFO | Device: mps | feature_dim: 225
00:05:02 | INFO | Dataset: 94477 clips, 250 classes
00:05:02 | INFO | Preloading features into RAM (one-time)…
00:05:35 | INFO | Cache: 94477 clips, 3.23 GB in RAM
00:05:35 | WARNING | No split files in data/splits — using RANDOM split (not signer-disjoint; accuracy will be optimistic). Run scripts/make_participant_split.py.
00:05:35 | INFO | Augmentation: on (train only)
00:05:35 | INFO | num_workers forced to 0 (serving from RAM cache)
00:05:35 | INFO | Model: gru, 2.16M params
00:10:55 | INFO | epoch   1 | train_loss 5.5941 | clean_train_acc 0.009 | val_loss 5.4403 | val_acc 0.008
00:10:55 | INFO |   ↳ saved best.pt (val_acc 0.008)
00:16:16 | INFO | epoch   2 | train_loss 5.2815 | clean_train_acc 0.070 | val_loss 4.8054 | val_acc 0.058
00:16:16 | INFO |   ↳ saved best.pt (val_acc 0.058)
00:21:38 | INFO | epoch   3 | train_loss 4.6967 | clean_train_acc 0.198 | val_loss 4.0481 | val_acc 0.181
00:21:38 | INFO |   ↳ saved best.pt (val_acc 0.181)
00:26:59 | INFO | epoch   4 | train_loss 4.1628 | clean_train_acc 0.287 | val_loss 3.5937 | val_acc 0.267
00:26:59 | INFO |   ↳ saved best.pt (val_acc 0.267)
00:32:20 | INFO | epoch   5 | train_loss 3.8162 | clean_train_acc 0.364 | val_loss 3.2844 | val_acc 0.337
00:32:20 | INFO |   ↳ saved best.pt (val_acc 0.337)
00:37:44 | INFO | epoch   6 | train_loss 3.6030 | clean_train_acc 0.419 | val_loss 3.0690 | val_acc 0.392
00:37:44 | INFO |   ↳ saved best.pt (val_acc 0.392)
00:43:07 | INFO | epoch   7 | train_loss 3.4233 | clean_train_acc 0.460 | val_loss 2.9628 | val_acc 0.422
00:43:07 | INFO |   ↳ saved best.pt (val_acc 0.422)
00:48:30 | INFO | epoch   8 | train_loss 3.2850 | clean_train_acc 0.522 | val_loss 2.8112 | val_acc 0.464
00:48:30 | INFO |   ↳ saved best.pt (val_acc 0.464)
00:53:52 | INFO | epoch   9 | train_loss 3.1791 | clean_train_acc 0.544 | val_loss 2.7466 | val_acc 0.481
00:53:52 | INFO |   ↳ saved best.pt (val_acc 0.481)
00:59:14 | INFO | epoch  10 | train_loss 3.0961 | clean_train_acc 0.542 | val_loss 2.7193 | val_acc 0.491
00:59:14 | INFO |   ↳ saved best.pt (val_acc 0.491)
01:04:34 | INFO | epoch  11 | train_loss 3.0358 | clean_train_acc 0.554 | val_loss 2.6532 | val_acc 0.512
01:04:34 | INFO |   ↳ saved best.pt (val_acc 0.512)
01:09:56 | INFO | epoch  12 | train_loss 2.9910 | clean_train_acc 0.597 | val_loss 2.5593 | val_acc 0.535
01:09:56 | INFO |   ↳ saved best.pt (val_acc 0.535)
01:15:17 | INFO | epoch  13 | train_loss 2.9491 | clean_train_acc 0.597 | val_loss 2.6010 | val_acc 0.528
01:20:40 | INFO | epoch  14 | train_loss 2.9203 | clean_train_acc 0.591 | val_loss 2.6015 | val_acc 0.525
01:26:02 | INFO | epoch  15 | train_loss 2.8806 | clean_train_acc 0.598 | val_loss 2.5475 | val_acc 0.537
01:26:02 | INFO |   ↳ saved best.pt (val_acc 0.537)
01:31:24 | INFO | epoch  16 | train_loss 2.8474 | clean_train_acc 0.620 | val_loss 2.5263 | val_acc 0.542
01:31:24 | INFO |   ↳ saved best.pt (val_acc 0.542)
01:36:45 | INFO | epoch  17 | train_loss 2.8405 | clean_train_acc 0.636 | val_loss 2.4819 | val_acc 0.556
01:36:45 | INFO |   ↳ saved best.pt (val_acc 0.556)
01:42:07 | INFO | epoch  18 | train_loss 2.8142 | clean_train_acc 0.652 | val_loss 2.4569 | val_acc 0.565
01:42:07 | INFO |   ↳ saved best.pt (val_acc 0.565)
01:47:28 | INFO | epoch  19 | train_loss 2.8002 | clean_train_acc 0.627 | val_loss 2.5017 | val_acc 0.558
01:52:49 | INFO | epoch  20 | train_loss 2.7781 | clean_train_acc 0.628 | val_loss 2.5318 | val_acc 0.544
01:58:10 | INFO | epoch  21 | train_loss 2.7543 | clean_train_acc 0.658 | val_loss 2.4451 | val_acc 0.568
01:58:10 | INFO |   ↳ saved best.pt (val_acc 0.568)
02:03:30 | INFO | epoch  22 | train_loss 2.7353 | clean_train_acc 0.665 | val_loss 2.4484 | val_acc 0.565
02:08:50 | INFO | epoch  23 | train_loss 2.7281 | clean_train_acc 0.663 | val_loss 2.4142 | val_acc 0.578
02:08:50 | INFO |   ↳ saved best.pt (val_acc 0.578)
02:14:12 | INFO | epoch  24 | train_loss 2.7168 | clean_train_acc 0.665 | val_loss 2.4367 | val_acc 0.568
02:19:33 | INFO | epoch  25 | train_loss 2.6986 | clean_train_acc 0.668 | val_loss 2.3925 | val_acc 0.579
02:19:33 | INFO |   ↳ saved best.pt (val_acc 0.579)
02:24:54 | INFO | epoch  26 | train_loss 2.6850 | clean_train_acc 0.673 | val_loss 2.3776 | val_acc 0.586
02:24:54 | INFO |   ↳ saved best.pt (val_acc 0.586)
02:30:15 | INFO | epoch  27 | train_loss 2.6751 | clean_train_acc 0.652 | val_loss 2.4524 | val_acc 0.562
02:35:37 | INFO | epoch  28 | train_loss 2.6612 | clean_train_acc 0.691 | val_loss 2.3836 | val_acc 0.586
02:40:59 | INFO | epoch  29 | train_loss 2.6537 | clean_train_acc 0.689 | val_loss 2.4068 | val_acc 0.580
02:46:21 | INFO | epoch  30 | train_loss 2.6361 | clean_train_acc 0.664 | val_loss 2.4129 | val_acc 0.576
02:51:43 | INFO | epoch  31 | train_loss 2.6171 | clean_train_acc 0.693 | val_loss 2.3434 | val_acc 0.601
02:51:43 | INFO |   ↳ saved best.pt (val_acc 0.601)
02:57:07 | INFO | epoch  32 | train_loss 2.6097 | clean_train_acc 0.694 | val_loss 2.3304 | val_acc 0.606
02:57:07 | INFO |   ↳ saved best.pt (val_acc 0.606)
03:02:30 | INFO | epoch  33 | train_loss 2.5997 | clean_train_acc 0.702 | val_loss 2.3420 | val_acc 0.604
03:07:53 | INFO | epoch  34 | train_loss 2.5791 | clean_train_acc 0.700 | val_loss 2.3629 | val_acc 0.590
03:13:17 | INFO | epoch  35 | train_loss 2.5715 | clean_train_acc 0.714 | val_loss 2.3453 | val_acc 0.602
03:18:40 | INFO | epoch  36 | train_loss 2.5524 | clean_train_acc 0.708 | val_loss 2.3272 | val_acc 0.605
03:24:04 | INFO | epoch  37 | train_loss 2.5408 | clean_train_acc 0.718 | val_loss 2.3024 | val_acc 0.611
03:24:04 | INFO |   ↳ saved best.pt (val_acc 0.611)
03:29:29 | INFO | epoch  38 | train_loss 2.5169 | clean_train_acc 0.728 | val_loss 2.3018 | val_acc 0.611
03:34:52 | INFO | epoch  39 | train_loss 2.5174 | clean_train_acc 0.725 | val_loss 2.3160 | val_acc 0.607
03:40:16 | INFO | epoch  40 | train_loss 2.5016 | clean_train_acc 0.728 | val_loss 2.2766 | val_acc 0.623
03:40:16 | INFO |   ↳ saved best.pt (val_acc 0.623)
03:45:40 | INFO | epoch  41 | train_loss 2.4791 | clean_train_acc 0.735 | val_loss 2.2942 | val_acc 0.612
03:51:02 | INFO | epoch  42 | train_loss 2.4621 | clean_train_acc 0.742 | val_loss 2.2781 | val_acc 0.618
03:56:26 | INFO | epoch  43 | train_loss 2.4586 | clean_train_acc 0.750 | val_loss 2.2724 | val_acc 0.620
04:01:50 | INFO | epoch  44 | train_loss 2.4420 | clean_train_acc 0.751 | val_loss 2.2555 | val_acc 0.623
04:07:12 | INFO | epoch  45 | train_loss 2.4288 | clean_train_acc 0.751 | val_loss 2.2509 | val_acc 0.627
04:07:12 | INFO |   ↳ saved best.pt (val_acc 0.627)
04:12:35 | INFO | epoch  46 | train_loss 2.4131 | clean_train_acc 0.756 | val_loss 2.2437 | val_acc 0.629
04:12:35 | INFO |   ↳ saved best.pt (val_acc 0.629)
04:17:57 | INFO | epoch  47 | train_loss 2.3920 | clean_train_acc 0.771 | val_loss 2.2242 | val_acc 0.638
04:17:57 | INFO |   ↳ saved best.pt (val_acc 0.638)
04:23:19 | INFO | epoch  48 | train_loss 2.3714 | clean_train_acc 0.762 | val_loss 2.2238 | val_acc 0.631
04:28:43 | INFO | epoch  49 | train_loss 2.3696 | clean_train_acc 0.782 | val_loss 2.2312 | val_acc 0.633
04:34:06 | INFO | epoch  50 | train_loss 2.3495 | clean_train_acc 0.771 | val_loss 2.2205 | val_acc 0.634
04:39:27 | INFO | epoch  51 | train_loss 2.3322 | clean_train_acc 0.781 | val_loss 2.2024 | val_acc 0.640
04:39:27 | INFO |   ↳ saved best.pt (val_acc 0.640)
04:44:48 | INFO | epoch  52 | train_loss 2.3249 | clean_train_acc 0.782 | val_loss 2.1985 | val_acc 0.645
04:44:49 | INFO |   ↳ saved best.pt (val_acc 0.645)
04:50:10 | INFO | epoch  53 | train_loss 2.3037 | clean_train_acc 0.788 | val_loss 2.1850 | val_acc 0.645
04:55:33 | INFO | epoch  54 | train_loss 2.2933 | clean_train_acc 0.803 | val_loss 2.1825 | val_acc 0.649
04:55:33 | INFO |   ↳ saved best.pt (val_acc 0.649)
05:00:52 | INFO | epoch  55 | train_loss 2.2751 | clean_train_acc 0.804 | val_loss 2.1904 | val_acc 0.646
05:06:12 | INFO | epoch  56 | train_loss 2.2577 | clean_train_acc 0.802 | val_loss 2.1869 | val_acc 0.646
05:11:35 | INFO | epoch  57 | train_loss 2.2598 | clean_train_acc 0.809 | val_loss 2.1812 | val_acc 0.652
05:11:35 | INFO |   ↳ saved best.pt (val_acc 0.652)
05:16:56 | INFO | epoch  58 | train_loss 2.2393 | clean_train_acc 0.814 | val_loss 2.1618 | val_acc 0.653
05:16:56 | INFO |   ↳ saved best.pt (val_acc 0.653)
05:22:18 | INFO | epoch  59 | train_loss 2.2261 | clean_train_acc 0.816 | val_loss 2.1627 | val_acc 0.656
05:22:18 | INFO |   ↳ saved best.pt (val_acc 0.656)
05:27:40 | INFO | epoch  60 | train_loss 2.2107 | clean_train_acc 0.816 | val_loss 2.1410 | val_acc 0.663
05:27:40 | INFO |   ↳ saved best.pt (val_acc 0.663)
05:33:00 | INFO | epoch  61 | train_loss 2.2017 | clean_train_acc 0.820 | val_loss 2.1459 | val_acc 0.658
05:38:19 | INFO | epoch  62 | train_loss 2.1985 | clean_train_acc 0.829 | val_loss 2.1418 | val_acc 0.663
05:43:40 | INFO | epoch  63 | train_loss 2.1841 | clean_train_acc 0.827 | val_loss 2.1411 | val_acc 0.662
05:48:59 | INFO | epoch  64 | train_loss 2.1762 | clean_train_acc 0.831 | val_loss 2.1428 | val_acc 0.663
05:54:18 | INFO | epoch  65 | train_loss 2.1562 | clean_train_acc 0.840 | val_loss 2.1319 | val_acc 0.666
05:54:18 | INFO |   ↳ saved best.pt (val_acc 0.666)
05:59:37 | INFO | epoch  66 | train_loss 2.1524 | clean_train_acc 0.836 | val_loss 2.1324 | val_acc 0.666
06:04:55 | INFO | epoch  67 | train_loss 2.1498 | clean_train_acc 0.840 | val_loss 2.1304 | val_acc 0.667
06:04:55 | INFO |   ↳ saved best.pt (val_acc 0.667)
06:10:13 | INFO | epoch  68 | train_loss 2.1426 | clean_train_acc 0.840 | val_loss 2.1312 | val_acc 0.667
06:10:13 | INFO |   ↳ saved best.pt (val_acc 0.667)
06:15:31 | INFO | epoch  69 | train_loss 2.1355 | clean_train_acc 0.840 | val_loss 2.1282 | val_acc 0.670
06:15:31 | INFO |   ↳ saved best.pt (val_acc 0.670)
06:20:48 | INFO | epoch  70 | train_loss 2.1266 | clean_train_acc 0.843 | val_loss 2.1189 | val_acc 0.670
06:20:48 | INFO |   ↳ saved best.pt (val_acc 0.670)
06:26:07 | INFO | epoch  71 | train_loss 2.1226 | clean_train_acc 0.844 | val_loss 2.1243 | val_acc 0.669
06:31:25 | INFO | epoch  72 | train_loss 2.1232 | clean_train_acc 0.847 | val_loss 2.1219 | val_acc 0.670
06:36:41 | INFO | epoch  73 | train_loss 2.1150 | clean_train_acc 0.850 | val_loss 2.1163 | val_acc 0.671
06:36:41 | INFO |   ↳ saved best.pt (val_acc 0.671)
06:42:01 | INFO | epoch  74 | train_loss 2.1120 | clean_train_acc 0.847 | val_loss 2.1184 | val_acc 0.671
06:42:01 | INFO |   ↳ saved best.pt (val_acc 0.671)
06:47:20 | INFO | epoch  75 | train_loss 2.1099 | clean_train_acc 0.847 | val_loss 2.1153 | val_acc 0.672
06:47:20 | INFO |   ↳ saved best.pt (val_acc 0.672)
06:52:34 | INFO | epoch  76 | train_loss 2.1100 | clean_train_acc 0.850 | val_loss 2.1161 | val_acc 0.671
06:57:48 | INFO | epoch  77 | train_loss 2.1063 | clean_train_acc 0.849 | val_loss 2.1175 | val_acc 0.671
07:03:01 | INFO | epoch  78 | train_loss 2.1037 | clean_train_acc 0.851 | val_loss 2.1154 | val_acc 0.672
07:03:01 | INFO |   ↳ saved best.pt (val_acc 0.672)
07:08:18 | INFO | epoch  79 | train_loss 2.1038 | clean_train_acc 0.849 | val_loss 2.1152 | val_acc 0.673
07:08:18 | INFO |   ↳ saved best.pt (val_acc 0.673)
07:13:32 | INFO | epoch  80 | train_loss 2.1030 | clean_train_acc 0.849 | val_loss 2.1153 | val_acc 0.673
07:13:32 | INFO |   ↳ saved best.pt (val_acc 0.673)
07:13:32 | INFO | Training complete. Best val_acc: 0.673
